STEP to UG
! INFO-     NX STEP AP214 - V2412.7002
! INFO-      
! INFO-     Start of Translation: 25-NOV-2025  11:07:16 PM
! INFO-      
! STATUS-   Converting Part: F:\UNAL\14. SEMESTRE\AUTOMATIZACIÓN DE PROCESOS DE MANUFACTURA\GitHub\Los4Automaticos\CAD\InventorProyecto\FabricaUniones.stp
! SUMMARY-   
! SUMMARY-    STEP Header Information
! SUMMARY-   
! SUMMARY-  Description      Unknown
! SUMMARY-  Imp_Level        2;1
! SUMMARY-  File_Name        FabricaUniones.stp
! SUMMARY-  Date             2025-11-25T23:02:00-05:00
! SUMMARY-  Author           USUARIO
! SUMMARY-  Organization     Unknown
! SUMMARY-  Pre_Version      ST-DEVELOPER v20.1
! SUMMARY-  Orig_System      Autodesk Inventor 2026
! SUMMARY-  Authorization    Unknown
! SUMMARY-  Schema_ID        automotive_design
! SUMMARY-   
! SUMMARY-    Summary of STEP Entities
! SUMMARY-   
! SUMMARY-  Entity Type                                                   Count
! SUMMARY-  -----------                                                   ------
! SUMMARY-  advanced_face ..............................................:  76007
! SUMMARY-  application_context ........................................:      1
! SUMMARY-  axis2_placement_3d .........................................: 130137
! SUMMARY-  b_spline_curve_with_knots ..................................:   3346
! SUMMARY-  b_spline_curve_with_knots_and_rational_b_spline_curve ......:     62
! SUMMARY-  b_spline_surface_with_knots ................................:    349
! SUMMARY-  b_spline_surface_with_knots_and_rational_b_spline_surface ..:    167
! SUMMARY-  brep_with_voids ............................................:      7
! SUMMARY-  cartesian_point ............................................: 617364
! SUMMARY-  circle .....................................................:  52956
! SUMMARY-  closed_shell ...............................................:   1472
! SUMMARY-  conical_surface ............................................:   1962
! SUMMARY-  cylindrical_surface ........................................:  20345
! SUMMARY-  direction ..................................................: 405901
! SUMMARY-  edge_curve .................................................: 203680
! SUMMARY-  edge_loop ..................................................:  87130
! SUMMARY-  ellipse ....................................................:   1689
! SUMMARY-  face_bound .................................................:  11123
! SUMMARY-  face_outer_bound ...........................................:  76007
! SUMMARY-  geometric_representation_context_and_global_uncertainty_a ..:      2
! SUMMARY-  length_unit_and_si_unit ....................................:      1
! SUMMARY-  line .......................................................: 145627
! SUMMARY-  manifold_solid_brep ........................................:   1450
! SUMMARY-  oriented_closed_shell ......................................:     15
! SUMMARY-  oriented_edge ..............................................: 407360
! SUMMARY-  plane ......................................................:  49939
! SUMMARY-  plane_angle_unit_and_si_unit ...............................:      1
! SUMMARY-  product ....................................................:      1
! SUMMARY-  product_context ............................................:      1
! SUMMARY-  product_definition .........................................:      1
! SUMMARY-  product_definition_context .................................:      1
! SUMMARY-  product_definition_formation ...............................:      1
! SUMMARY-  product_definition_shape ...................................:      1
! SUMMARY-  product_related_product_category ...........................:      1
! SUMMARY-  si_unit_and_solid_angle_unit ...............................:      1
! SUMMARY-  spherical_surface ..........................................:    503
! SUMMARY-  toroidal_surface ...........................................:   2742
! SUMMARY-  uncertainty_measure_with_unit ..............................:      2
! SUMMARY-  vector .....................................................: 145627
! SUMMARY-  vertex_point ...............................................: 134284
! SUMMARY-                                                               -------
! SUMMARY-  Total                                                        2577266
! STATUS-    
! STATUS-   Converting to Output Form (Phase 2 of 3): 25-NOV-2025 11:07:28 PM
! STATUS-    
! STATUS-    
! STATUS-   Generating UG geometry and placing them in parts
! STATUS-    
! STATUS-   Creating the UG part (Phase 3 of 3): 25-NOV-2025  11:09:54 PM
! INFO-     Filing Part ..: F:\UNAL\14. SEMESTRE\AUTOMATIZACIÓN DE PROCESOS DE MANUFACTURA\GitHub\Los4Automaticos\NX\FabricaUniones.prt
! SUMMARY-   
! SUMMARY-  Summary of Unigraphics Part Entities
! SUMMARY-   
! SUMMARY-  Entities Processed             Count
! SUMMARY-  ------------------             -----
! SUMMARY-  Solid/Sheet .................:  1457
! SUMMARY-                                 -----
! SUMMARY-  Total                           1457
! INFO-      
! INFO-     Total number of solids input for this translation       :      1457
! INFO-      
! INFO-     Number of solids created without body validation faults :      1457
! INFO-      
! INFO-     Number of solids created with body validation fault(s)  :         0
! INFO-      
! INFO-     Number of solids ending up as sheet bodies              :         0
! INFO-      
! INFO-     End of Translation: 25-NOV-2025  11:10:43 PM
! INFO-      
